[07-01-24 02:05:29.513480] | v.0.11| user:FilipChuwi |> Playing main: Assets\Audio\music\main\music_main_2.mp3
[07-01-24 02:05:29.555083] | v.0.11| user:FilipChuwi |> Looking for game states in '~\Documents' folder path for saving json file
[07-01-24 02:05:29.565316] | v.0.11| user:FilipChuwi |> main.py ENTRY POINT
[07-01-24 02:06:00.591269] | v.0.11| user:FilipChuwi |> Now playing: Assets\Audio\Voice\Adam\pl\audiobook_adam_pl_00a_.mp3
[07-01-24 02:06:07.285467] | v.0.11| user:FilipChuwi |> Now playing: Assets\Audio\Voice\Adam\pl\audiobook_adam_pl_elxr_chc_1.mp3
[07-01-24 02:06:07.329906] | v.0.11| user:FilipChuwi |> Now playing: Assets\Audio\Voice\Adam\pl\audiobook_adam_pl_elxr_chc_5.mp3
[07-01-24 02:06:13.712628] | v.0.11| user:FilipChuwi |> Looking for game states in '~\Documents' folder path for saving json file
[07-01-24 02:06:13.728151] | v.0.11| user:FilipChuwi |> Game saved to: C:\Users\FilipChuwi\Documents\Jacek Ciesielski - Dreszcz\saves\dreszcz_24-01-07_13.json
[07-01-24 02:06:13.741325] | v.0.11| user:FilipChuwi |> setup.json has been updated
[07-01-24 02:06:13.971705] | v.0.11| user:FilipChuwi |> Now playing: Assets\Audio\Voice\Adam\pl\audiobook_adam_pl_00b_.mp3
[07-01-24 02:06:16.783564] | v.0.11| user:FilipChuwi |> list of available actions: ['01']
[07-01-24 02:06:16.791149] | v.0.11| user:FilipChuwi |> Looking for game states in '~\Documents' folder path for saving json file
[07-01-24 02:06:16.800530] | v.0.11| user:FilipChuwi |> Game saved to: C:\Users\FilipChuwi\Documents\Jacek Ciesielski - Dreszcz\saves\dreszcz_24-01-07_13.json
[07-01-24 02:06:16.810955] | v.0.11| user:FilipChuwi |> setup.json has been updated
[07-01-24 02:06:16.817878] | v.0.11| user:FilipChuwi |> evaluated: 01
[07-01-24 02:06:17.055216] | v.0.11| user:FilipChuwi |> Now playing: Assets\Audio\Voice\Adam\pl\audiobook_adam_pl_01_.mp3
[07-01-24 02:06:17.067547] | v.0.11| user:FilipChuwi |> list of available actions: ['25']
[07-01-24 02:06:17.075892] | v.0.11| user:FilipChuwi |> Looking for game states in '~\Documents' folder path for saving json file
[07-01-24 02:06:17.084367] | v.0.11| user:FilipChuwi |> Game saved to: C:\Users\FilipChuwi\Documents\Jacek Ciesielski - Dreszcz\saves\dreszcz_24-01-07_13.json
[07-01-24 02:06:17.096433] | v.0.11| user:FilipChuwi |> setup.json has been updated
[07-01-24 02:06:17.103660] | v.0.11| user:FilipChuwi |> evaluated: 25
[07-01-24 02:06:17.218779] | v.0.11| user:FilipChuwi |> Now playing: Assets\Audio\Voice\Adam\pl\audiobook_adam_pl_25_.mp3
[07-01-24 02:06:17.228057] | v.0.11| user:FilipChuwi |> list of available actions: ['200', '44']
[07-01-24 02:06:22.176015] | v.0.11| user:FilipChuwi |> Looking for game states in '~\Documents' folder path for saving json file
[07-01-24 02:06:22.186433] | v.0.11| user:FilipChuwi |> Game saved to: C:\Users\FilipChuwi\Documents\Jacek Ciesielski - Dreszcz\saves\dreszcz_24-01-07_13.json
[07-01-24 02:06:22.200665] | v.0.11| user:FilipChuwi |> setup.json has been updated
[07-01-24 02:06:22.206071] | v.0.11| user:FilipChuwi |> evaluated: 200
[07-01-24 02:06:22.267669] | v.0.11| user:FilipChuwi |> Now playing: Assets\Audio\Voice\Adam\pl\audiobook_adam_pl_200_.mp3
[07-01-24 02:09:18.855738] | v.0.11| user:FilipChuwi |> main.py ENTRY POINT
[07-01-24 02:10:08.493010] | v.0.11| user:FilipChuwi |> main.py ENTRY POINT
[07-01-24 02:17:13.812863] | v.0.11| user:FilipChuwi |> main.py ENTRY POINT
[07-01-24 02:31:34.766595] | v.0.11| user:FilipChuwi |> main.py ENTRY POINT
[07-01-24 02:32:50.417108] | v.0.11| user:FilipChuwi |> main.py ENTRY POINT
[07-01-24 02:33:06.412268] | v.0.11| user:FilipChuwi |> FileNotFoundError Could not find: Assets\Audio\Voice\Adam\pl\audiobook_adam_pl_opened_.mp3
[07-01-24 02:33:17.102395] | v.0.11| user:FilipChuwi |> FileNotFoundError Could not find: Assets\Audio\Voice\Adam\pl\audiobook_adam_pl_combat_true_4.mp3
[07-01-24 02:33:25.696755] | v.0.11| user:FilipChuwi |> FileNotFoundError Could not find: Assets\Audio\Voice\Adam\pl\audiobook_adam_pl_296a_.mp3
[07-01-24 02:33:25.958595] | v.0.11| user:FilipChuwi |> FileNotFoundError Could not find: Assets\Audio\Voice\Adam\pl\audiobook_adam_pl_eatables_.mp3
[07-01-24 02:33:25.974580] | v.0.11| user:FilipChuwi |> KeyErrorCould not find string: eatables
[07-01-24 02:33:43.898533] | v.0.11| user:FilipChuwi |> FileNotFoundError Could not find: Assets\Audio\Voice\Adam\pl\audiobook_adam_pl_eatables_.mp3
[07-01-24 02:33:43.920187] | v.0.11| user:FilipChuwi |> KeyErrorCould not find string: eatables
[07-01-24 02:33:47.115982] | v.0.11| user:FilipChuwi |> FileNotFoundError Could not find: Assets\Audio\Voice\Adam\pl\audiobook_adam_pl_296b_.mp3
[07-01-24 02:33:47.564544] | v.0.11| user:FilipChuwi |> FileNotFoundError Could not find: Assets\Audio\Voice\Adam\pl\audiobook_adam_pl_39_.mp3
[07-01-24 02:33:57.307461] | v.0.11| user:FilipChuwi |> FileNotFoundError Could not find: Assets\Audio\Voice\Adam\pl\audiobook_adam_pl_228_.mp3
[07-01-24 02:33:57.711356] | v.0.11| user:FilipChuwi |> FileNotFoundError Could not find: Assets\Audio\Voice\Adam\pl\audiobook_adam_pl_102_.mp3
[07-01-24 02:34:00.155178] | v.0.11| user:FilipChuwi |> FileNotFoundError Could not find: Assets\Audio\Voice\Adam\pl\audiobook_adam_pl_374_.mp3
[07-01-24 02:34:00.349121] | v.0.11| user:FilipChuwi |> FileNotFoundError Could not find: Assets\Audio\Voice\Adam\pl\audiobook_adam_pl_eatables_.mp3
[07-01-24 02:34:00.365171] | v.0.11| user:FilipChuwi |> KeyErrorCould not find string: eatables
[07-01-24 02:37:33.522491] | v.0.11hfix01| user:FilipChuwi |> main.py ENTRY POINT
[10-01-24 01:03:57.909050] | v.0.11hotfix02| user:FilipChuwi |> Playing main: Assets\Audio\music\main\music_main_3.mp3
[10-01-24 01:03:58.032857] | v.0.11hotfix02| user:FilipChuwi |> Looking for game states in project location
[10-01-24 01:03:58.039843] | v.0.11hotfix02| user:FilipChuwi |> changelog.json is not a valid game state file
[10-01-24 01:03:58.118731] | v.0.11hotfix02| user:FilipChuwi |> main.py ENTRY POINT
[10-01-24 01:04:58.718766] | v.0.11hotfix02| user:FilipChuwi |> Looking for game states in project location
[10-01-24 01:04:58.730755] | v.0.11hotfix02| user:FilipChuwi |> changelog.json is not a valid game state file
[10-01-24 01:05:17.150133] | v.0.11hotfix02| user:FilipChuwi |> Playing main: Assets\Audio\music\main\accordeon asd_11_04_2021_NYC_comp.mp3
[10-01-24 01:05:17.193059] | v.0.11hotfix02| user:FilipChuwi |> Looking for game states in project location
[10-01-24 01:05:17.200050] | v.0.11hotfix02| user:FilipChuwi |> changelog.json is not a valid game state file
[10-01-24 01:05:17.206041] | v.0.11hotfix02| user:FilipChuwi |> main.py ENTRY POINT
[10-01-24 01:05:27.555495] | v.0.11hotfix02| user:FilipChuwi |> restored backup setup
[10-01-24 01:05:27.574461] | v.0.11hotfix02| user:FilipChuwi |> setup.json has been updated
[10-01-24 01:05:46.519738] | v.0.11hotfix02| user:FilipChuwi |> Playing main: Assets\Audio\music\main\music_main_4.wav
[10-01-24 01:05:46.594626] | v.0.11hotfix02| user:FilipChuwi |> Looking for game states in project location
[10-01-24 01:05:46.603608] | v.0.11hotfix02| user:FilipChuwi |> changelog.json is not a valid game state file
[10-01-24 01:05:46.649535] | v.0.11hotfix02| user:FilipChuwi |> main.py ENTRY POINT
[10-01-24 01:05:50.010879] | v.0.11hotfix02| user:FilipChuwi |> Looking for game states in project location
[10-01-24 01:05:50.027846] | v.0.11hotfix02| user:FilipChuwi |> changelog.json is not a valid game state file
[10-01-24 01:07:12.372387] | v.0.11hotfix02| user:FilipChuwi |> Playing main: Assets\Audio\music\main\music_main_3.mp3
[10-01-24 01:07:12.385369] | v.0.11hotfix02| user:FilipChuwi |> Looking for game states in project location
[10-01-24 01:07:12.391354] | v.0.11hotfix02| user:FilipChuwi |> changelog.json is not a valid game state file
[10-01-24 01:07:12.397346] | v.0.11hotfix02| user:FilipChuwi |> main.py ENTRY POINT
[10-01-24 01:07:58.134960] | v.0.11hotfix02| user:FilipChuwi |> Playing main: Assets\Audio\music\main\music_main_1.mp3
[10-01-24 01:07:58.175256] | v.0.11hotfix02| user:FilipChuwi |> Looking for game states in '~\Documents' folder path for saving json file
[10-01-24 01:07:58.187237] | v.0.11hotfix02| user:FilipChuwi |> main.py ENTRY POINT
[10-01-24 01:08:13.450746] | v.0.11hotfix02| user:FilipChuwi |> Looking for game states in '~\Documents' folder path for saving json file
[10-01-24 01:08:38.537944] | v.0.11hotfix02| user:FilipChuwi |> Playing main: Assets\Audio\music\main\accordeon asd_11_04_2021.wav_
[10-01-24 01:08:38.587863] | v.0.11hotfix02| user:FilipChuwi |> Looking for game states in project location
[10-01-24 01:08:38.605836] | v.0.11hotfix02| user:FilipChuwi |> changelog.json is not a valid game state file
[10-01-24 01:08:38.613823] | v.0.11hotfix02| user:FilipChuwi |> main.py ENTRY POINT
[10-01-24 01:08:55.580891] | v.0.11hotfix02| user:FilipChuwi |> Looking for game states in project location
[10-01-24 01:08:55.592874] | v.0.11hotfix02| user:FilipChuwi |> changelog.json is not a valid game state file
[10-01-24 01:14:31.835846] | v.0.11hotfix02| user:FilipChuwi |> Playing main: Assets\Audio\music\main\music_main_4.wav
[10-01-24 01:14:32.504765] | v.0.11hotfix02| user:FilipChuwi |> Looking for game states in project location
[10-01-24 01:14:32.514754] | v.0.11hotfix02| user:FilipChuwi |> changelog.json is not a valid game state file
[10-01-24 01:14:32.524738] | v.0.11hotfix02| user:FilipChuwi |> main.py ENTRY POINT
[10-01-24 01:14:36.290331] | v.0.11hotfix02| user:FilipChuwi |> Looking for game states in project location
[10-01-24 01:14:36.300323] | v.0.11hotfix02| user:FilipChuwi |> changelog.json is not a valid game state file
[10-01-24 01:14:36.313295] | v.0.11hotfix02| user:FilipChuwi |> Game state loaded from: Assets\game_files\dreszcz_dummy.json
[10-01-24 01:14:36.335255] | v.0.11hotfix02| user:FilipChuwi |> setup.json has been updated
[10-01-24 01:14:36.349238] | v.0.11hotfix02| user:FilipChuwi |> list of available actions: ['prg._116a()']
[10-01-24 01:14:36.361215] | v.0.11hotfix02| user:FilipChuwi |> Looking for game states in project location
[10-01-24 01:14:36.377208] | v.0.11hotfix02| user:FilipChuwi |> changelog.json is not a valid game state file
[10-01-24 01:14:36.395158] | v.0.11hotfix02| user:FilipChuwi |> Game saved to: Assets\game_files\dreszcz_dummy.json
[10-01-24 01:14:36.408140] | v.0.11hotfix02| user:FilipChuwi |> setup.json has been updated
[10-01-24 01:14:36.417128] | v.0.11hotfix02| user:FilipChuwi |> evaluated: prg._116a()
[10-01-24 01:15:24.373792] | v.0.11hotfix02| user:FilipChuwi |> Playing main: Assets\Audio\music\main\music_main_1.mp3
[10-01-24 01:15:24.407740] | v.0.11hotfix02| user:FilipChuwi |> Looking for game states in project location
[10-01-24 01:15:24.414727] | v.0.11hotfix02| user:FilipChuwi |> changelog.json is not a valid game state file
[10-01-24 01:15:24.422718] | v.0.11hotfix02| user:FilipChuwi |> main.py ENTRY POINT
[10-01-24 01:16:10.632317] | v.0.11hotfix02| user:FilipChuwi |> get_music() disabled - wanted to play: main
[10-01-24 01:16:10.642302] | v.0.11hotfix02| user:FilipChuwi |> Looking for game states in '~\Documents' folder path for saving json file
[10-01-24 01:16:10.661273] | v.0.11hotfix02| user:FilipChuwi |> main.py ENTRY POINT
[10-01-24 01:16:13.448417] | v.0.11hotfix02| user:FilipChuwi |> Looking for game states in '~\Documents' folder path for saving json file
[10-01-24 01:16:13.459407] | v.0.11hotfix02| user:FilipChuwi |> Game state loaded from: Assets\game_files\dreszcz_dummy.json
[10-01-24 01:16:13.472372] | v.0.11hotfix02| user:FilipChuwi |> setup.json has been updated
[10-01-24 01:16:13.477361] | v.0.11hotfix02| user:FilipChuwi |> list of available actions: ['prg._116a()']
[10-01-24 01:16:13.487348] | v.0.11hotfix02| user:FilipChuwi |> Looking for game states in '~\Documents' folder path for saving json file
[10-01-24 01:16:13.499330] | v.0.11hotfix02| user:FilipChuwi |> Game saved to: Assets\game_files\dreszcz_dummy.json
[10-01-24 01:16:13.516301] | v.0.11hotfix02| user:FilipChuwi |> setup.json has been updated
[10-01-24 01:16:13.521292] | v.0.11hotfix02| user:FilipChuwi |> evaluated: prg._116a()
[10-01-24 01:17:10.870987] | v.0.11hotfix02| user:FilipChuwi |> get_music() disabled - wanted to play: main
[10-01-24 01:17:10.885973] | v.0.11hotfix02| user:FilipChuwi |> Looking for game states in '~\Documents' folder path for saving json file
[10-01-24 01:17:10.897951] | v.0.11hotfix02| user:FilipChuwi |> main.py ENTRY POINT
[10-01-24 01:17:13.536227] | v.0.11hotfix02| user:FilipChuwi |> Looking for game states in '~\Documents' folder path for saving json file
[10-01-24 01:17:13.547208] | v.0.11hotfix02| user:FilipChuwi |> Game state loaded from: Assets\game_files\dreszcz_dummy.json
[10-01-24 01:17:13.564177] | v.0.11hotfix02| user:FilipChuwi |> setup.json has been updated
[10-01-24 01:17:13.570171] | v.0.11hotfix02| user:FilipChuwi |> list of available actions: ['01']
[10-01-24 01:17:13.576163] | v.0.11hotfix02| user:FilipChuwi |> Looking for game states in '~\Documents' folder path for saving json file
[10-01-24 01:17:13.588138] | v.0.11hotfix02| user:FilipChuwi |> Game saved to: Assets\game_files\dreszcz_dummy.json
[10-01-24 01:17:13.600123] | v.0.11hotfix02| user:FilipChuwi |> setup.json has been updated
[10-01-24 01:17:13.606110] | v.0.11hotfix02| user:FilipChuwi |> evaluated: 01
[10-01-24 01:17:13.747894] | v.0.11hotfix02| user:FilipChuwi |> dubbing disabled in Assets\game_files\setup.json
[10-01-24 01:17:16.565881] | v.0.11hotfix02| user:FilipChuwi |> list of available actions: ['25']
[10-01-24 01:17:16.573871] | v.0.11hotfix02| user:FilipChuwi |> Looking for game states in '~\Documents' folder path for saving json file
[10-01-24 01:17:16.586847] | v.0.11hotfix02| user:FilipChuwi |> Game saved to: Assets\game_files\dreszcz_dummy.json
[10-01-24 01:17:16.598829] | v.0.11hotfix02| user:FilipChuwi |> setup.json has been updated
[10-01-24 01:17:16.603821] | v.0.11hotfix02| user:FilipChuwi |> evaluated: 25
[10-01-24 01:17:16.687691] | v.0.11hotfix02| user:FilipChuwi |> dubbing disabled in Assets\game_files\setup.json
[10-01-24 01:17:19.717922] | v.0.11hotfix02| user:FilipChuwi |> list of available actions: ['200', '44']
[10-01-24 01:17:21.865561] | v.0.11hotfix02| user:FilipChuwi |> Looking for game states in '~\Documents' folder path for saving json file
[10-01-24 01:17:21.882528] | v.0.11hotfix02| user:FilipChuwi |> Game saved to: Assets\game_files\dreszcz_dummy.json
[10-01-24 01:17:21.895508] | v.0.11hotfix02| user:FilipChuwi |> setup.json has been updated
[10-01-24 01:17:21.901503] | v.0.11hotfix02| user:FilipChuwi |> evaluated: 200
[10-01-24 01:17:21.952430] | v.0.11hotfix02| user:FilipChuwi |> dubbing disabled in Assets\game_files\setup.json
[10-01-24 01:17:23.374183] | v.0.11hotfix02| user:FilipChuwi |> no par_name; update_variable: 0 + 1 = 1
[10-01-24 01:17:23.382166] | v.0.11hotfix02| user:FilipChuwi |> added visit: visit count of room number 364 = 1
[10-01-24 01:17:23.425105] | v.0.11hotfix02| user:FilipChuwi |> dubbing disabled in Assets\game_files\setup.json
[10-01-24 01:17:25.029576] | v.0.11hotfix02| user:FilipChuwi |> eval: 301
[10-01-24 01:17:25.094480] | v.0.11hotfix02| user:FilipChuwi |> dubbing disabled in Assets\game_files\setup.json
[10-01-24 01:17:26.726192] | v.0.11hotfix02| user:FilipChuwi |> list of available actions: ['364', '120']
[10-01-24 01:17:28.057108] | v.0.11hotfix02| user:FilipChuwi |> Looking for game states in '~\Documents' folder path for saving json file
[10-01-24 01:17:28.075077] | v.0.11hotfix02| user:FilipChuwi |> Game saved to: Assets\game_files\dreszcz_dummy.json
[10-01-24 01:17:28.088057] | v.0.11hotfix02| user:FilipChuwi |> setup.json has been updated
[10-01-24 01:17:28.094048] | v.0.11hotfix02| user:FilipChuwi |> evaluated: 120
[10-01-24 01:17:28.174925] | v.0.11hotfix02| user:FilipChuwi |> dubbing disabled in Assets\game_files\setup.json
[10-01-24 01:17:29.431938] | v.0.11hotfix02| user:FilipChuwi |> list of available actions: ['64']
[10-01-24 01:17:29.441925] | v.0.11hotfix02| user:FilipChuwi |> Looking for game states in '~\Documents' folder path for saving json file
[10-01-24 01:17:29.452907] | v.0.11hotfix02| user:FilipChuwi |> Game saved to: Assets\game_files\dreszcz_dummy.json
[10-01-24 01:17:29.467885] | v.0.11hotfix02| user:FilipChuwi |> setup.json has been updated
[10-01-24 01:17:29.473875] | v.0.11hotfix02| user:FilipChuwi |> evaluated: 64
[10-01-24 01:17:29.539779] | v.0.11hotfix02| user:FilipChuwi |> dubbing disabled in Assets\game_files\setup.json
[10-01-24 01:17:30.831017] | v.0.11hotfix02| user:FilipChuwi |> list of available actions: ['296', '264', '284', '224']
[10-01-24 01:17:32.314782] | v.0.11hotfix02| user:FilipChuwi |> Looking for game states in '~\Documents' folder path for saving json file
[10-01-24 01:17:32.329753] | v.0.11hotfix02| user:FilipChuwi |> Game saved to: Assets\game_files\dreszcz_dummy.json
[10-01-24 01:17:32.340731] | v.0.11hotfix02| user:FilipChuwi |> setup.json has been updated
[10-01-24 01:17:32.346721] | v.0.11hotfix02| user:FilipChuwi |> evaluated: 296
[10-01-24 01:17:32.352715] | v.0.11hotfix02| user:FilipChuwi |> FileNotFoundError Could not find: Assets\Audio\Voice\Adam\pl\audiobook_adam_pl_296a_.mp3
[10-01-24 01:17:32.384660] | v.0.11hotfix02| user:FilipChuwi |> dubbing disabled in Assets\game_files\setup.json
[10-01-24 01:18:22.593956] | v.0.11hotfix02| user:FilipChuwi |> get_music() disabled - wanted to play: main
[10-01-24 01:18:22.605953] | v.0.11hotfix02| user:FilipChuwi |> Looking for game states in '~\Documents' folder path for saving json file
[10-01-24 01:18:22.616921] | v.0.11hotfix02| user:FilipChuwi |> main.py ENTRY POINT
[10-01-24 01:18:31.396510] | v.0.11hotfix02| user:FilipChuwi |> Looking for game states in '~\Documents' folder path for saving json file
[10-01-24 01:28:27.308296] | v.0.11hotfix02| user:FilipChuwi |> get_music() disabled - wanted to play: main
[10-01-24 01:28:27.324264] | v.0.11hotfix02| user:FilipChuwi |> Looking for game states in '~\Documents' folder path for saving json file
[10-01-24 01:28:27.334253] | v.0.11hotfix02| user:FilipChuwi |> main.py ENTRY POINT
[10-01-24 01:30:25.321453] | v.0.11hotfix02| user:FilipChuwi |> get_music() disabled - wanted to play: main
[10-01-24 01:30:25.333434] | v.0.11hotfix02| user:FilipChuwi |> Looking for game states in '~\Documents' folder path for saving json file
[10-01-24 01:30:57.922148] | v.0.11hotfix02| user:FilipChuwi |> Looking for game states in project location
[10-01-24 01:31:08.270177] | v.0.11hotfix02| user:FilipChuwi |> Restored dummy game_state to: Assets\game_files\dreszcz_dummy.json
[10-01-24 01:31:08.281161] | v.0.11hotfix02| user:FilipChuwi |> main.py ENTRY POINT
[10-01-24 01:33:03.194951] | v.0.11hotfix03| user:FilipChuwi |> Looking for game states in project location
[10-01-24 01:33:08.568304] | v.0.11hotfix03| user:FilipChuwi |> main.py ENTRY POINT
[10-01-24 01:33:12.099017] | v.0.11hotfix03| user:FilipChuwi |> Looking for game states in project location
[10-01-24 01:33:13.787711] | v.0.11hotfix03| user:FilipChuwi |> Game state loaded from: Assets\game_files\dreszcz_dummy.json
[10-01-24 01:33:13.818659] | v.0.11hotfix03| user:FilipChuwi |> setup.json has been updated
[10-01-24 01:33:13.824653] | v.0.11hotfix03| user:FilipChuwi |> list of available actions: ['01']
[10-01-24 01:33:13.830650] | v.0.11hotfix03| user:FilipChuwi |> Looking for game states in project location
[10-01-24 01:33:15.227447] | v.0.11hotfix03| user:FilipChuwi |> Game saved to: Assets\game_files\dreszcz_dummy.json
[10-01-24 01:33:15.250410] | v.0.11hotfix03| user:FilipChuwi |> setup.json has been updated
[10-01-24 01:33:15.257394] | v.0.11hotfix03| user:FilipChuwi |> evaluated: 01
[10-01-24 01:33:15.479315] | v.0.11hotfix03| user:FilipChuwi |> dubbing disabled in Assets\game_files\setup.json
[10-01-24 01:33:33.274756] | v.0.11hotfix03| user:FilipChuwi |> Looking for game states in project location
[10-01-24 01:33:33.284887] | v.0.11hotfix03| user:FilipChuwi |> main.py ENTRY POINT
[10-01-24 01:33:55.014782] | v.0.11hotfix03| user:FilipChuwi |> Looking for game states in project location
[10-01-24 01:33:55.025762] | v.0.11hotfix03| user:FilipChuwi |> main.py ENTRY POINT
[10-01-24 01:33:57.713972] | v.0.11hotfix03| user:FilipChuwi |> Looking for game states in project location
[10-01-24 01:33:57.728952] | v.0.11hotfix03| user:FilipChuwi |> Game state loaded from: Assets\game_files\dreszcz_dummy.json
[10-01-24 01:33:57.783858] | v.0.11hotfix03| user:FilipChuwi |> setup.json has been updated
[10-01-24 01:33:57.793848] | v.0.11hotfix03| user:FilipChuwi |> list of available actions: ['01']
[10-01-24 01:33:57.818805] | v.0.11hotfix03| user:FilipChuwi |> Looking for game states in project location
[10-01-24 01:33:57.836775] | v.0.11hotfix03| user:FilipChuwi |> Game saved to: Assets\game_files\dreszcz_dummy.json
[10-01-24 01:33:57.884699] | v.0.11hotfix03| user:FilipChuwi |> setup.json has been updated
[10-01-24 01:33:57.889689] | v.0.11hotfix03| user:FilipChuwi |> evaluated: 01
[10-01-24 01:33:57.996525] | v.0.11hotfix03| user:FilipChuwi |> Now playing: Assets\Audio\Voice\Adam\en\audiobook_adam_en_01_.mp3
[10-01-24 01:34:49.344001] | v.0.11hotfix03| user:FilipChuwi |> Looking for game states in project location
[10-01-24 01:34:49.354981] | v.0.11hotfix03| user:FilipChuwi |> main.py ENTRY POINT
[10-01-24 01:34:52.957346] | v.0.11hotfix03| user:FilipChuwi |> Looking for game states in project location
[10-01-24 01:34:52.967332] | v.0.11hotfix03| user:FilipChuwi |> Game state loaded from: Assets\game_files\dreszcz_dummy.json
[10-01-24 01:34:52.981299] | v.0.11hotfix03| user:FilipChuwi |> setup.json has been updated
[10-01-24 01:34:52.988292] | v.0.11hotfix03| user:FilipChuwi |> list of available actions: ['00']
[10-01-24 01:34:52.994277] | v.0.11hotfix03| user:FilipChuwi |> Looking for game states in project location
[10-01-24 01:34:53.007260] | v.0.11hotfix03| user:FilipChuwi |> Game saved to: Assets\game_files\dreszcz_dummy.json
[10-01-24 01:34:53.025227] | v.0.11hotfix03| user:FilipChuwi |> setup.json has been updated
[10-01-24 01:34:53.031217] | v.0.11hotfix03| user:FilipChuwi |> evaluated: 00
[10-01-24 01:34:53.224798] | v.0.11hotfix03| user:FilipChuwi |> Now playing: Assets\Audio\Voice\Adam\pl\audiobook_adam_pl_00a_.mp3
[10-01-24 01:35:26.840072] | v.0.11hotfix03| user:FilipChuwi |> Looking for game states in project location
[10-01-24 01:35:26.851052] | v.0.11hotfix03| user:FilipChuwi |> main.py ENTRY POINT
[10-01-24 01:35:32.436670] | v.0.11hotfix03| user:FilipChuwi |> Looking for game states in project location
[10-01-24 01:35:32.450646] | v.0.11hotfix03| user:FilipChuwi |> Game state loaded from: Assets\game_files\dreszcz_dummy.json
[10-01-24 01:35:32.464629] | v.0.11hotfix03| user:FilipChuwi |> setup.json has been updated
[10-01-24 01:35:32.470620] | v.0.11hotfix03| user:FilipChuwi |> list of available actions: ['00']
[10-01-24 01:35:32.476609] | v.0.11hotfix03| user:FilipChuwi |> Looking for game states in project location
[10-01-24 01:35:32.492586] | v.0.11hotfix03| user:FilipChuwi |> Game saved to: Assets\game_files\dreszcz_dummy.json
[10-01-24 01:35:32.503566] | v.0.11hotfix03| user:FilipChuwi |> setup.json has been updated
[10-01-24 01:35:32.510556] | v.0.11hotfix03| user:FilipChuwi |> evaluated: 00
[10-01-24 01:35:32.643297] | v.0.11hotfix03| user:FilipChuwi |> Now playing: Assets\Audio\Voice\Adam\pl\audiobook_adam_pl_00a_.mp3
[10-01-24 01:36:10.805899] | v.0.11hotfix03| user:FilipChuwi |> main.py ENTRY POINT
[10-01-24 01:48:38.049308] | v.0.11hotfix03| user:FilipChuwi |> main.py ENTRY POINT
[10-01-24 01:48:53.700854] | v.0.11hotfix03| user:FilipChuwi |> Looking for game states in '~\Documents' folder path for saving json file
[10-01-24 01:48:53.713830] | v.0.11hotfix03| user:FilipChuwi |> main.py ENTRY POINT
[10-01-24 01:49:08.782800] | v.0.11hotfix03| user:FilipChuwi |> Looking for game states in project location
[10-01-24 01:49:08.793784] | v.0.11hotfix03| user:FilipChuwi |> changelog.json is not a valid game state file
[10-01-24 01:49:08.799773] | v.0.11hotfix03| user:FilipChuwi |> found valid game state file: dreszcz_dummy.json
[10-01-24 01:49:08.807761] | v.0.11hotfix03| user:FilipChuwi |> setup.json is not a valid game state file
[10-01-24 01:49:08.812753] | v.0.11hotfix03| user:FilipChuwi |> main.py ENTRY POINT
[10-01-24 01:49:31.081525] | v.0.11hotfix03| user:FilipChuwi |> Looking for game states in project location
[10-01-24 01:49:31.093506] | v.0.11hotfix03| user:FilipChuwi |> changelog.json is not a valid game state file
[10-01-24 01:49:31.101494] | v.0.11hotfix03| user:FilipChuwi |> found valid game state file: dreszcz_dummy.json
[10-01-24 01:49:31.108478] | v.0.11hotfix03| user:FilipChuwi |> setup.json is not a valid game state file
[10-01-24 01:49:31.118466] | v.0.11hotfix03| user:FilipChuwi |> main.py ENTRY POINT
[10-01-24 01:49:59.403060] | v.0.11hotfix03| user:FilipChuwi |> Looking for game states in project location
[10-01-24 01:49:59.412041] | v.0.11hotfix03| user:FilipChuwi |> changelog.json is not a valid game state file
[10-01-24 01:49:59.963874] | v.0.11hotfix03| user:FilipChuwi |> found valid game state file: dreszcz_dummy.json
[10-01-24 01:49:59.987844] | v.0.11hotfix03| user:FilipChuwi |> setup.json is not a valid game state file
[10-01-24 01:50:00.004807] | v.0.11hotfix03| user:FilipChuwi |> main.py ENTRY POINT
[10-01-24 01:50:06.602810] | v.0.11hotfix03| user:FilipChuwi |> restored backup setup
[10-01-24 01:50:06.620786] | v.0.11hotfix03| user:FilipChuwi |> setup.json has been updated
[10-01-24 01:51:02.625505] | v.0.11hotfix03| user:FilipChuwi |> Playing main: Assets\Audio\music\main\music_main_2.mp3
[10-01-24 01:51:02.702384] | v.0.11hotfix03| user:FilipChuwi |> Looking for game states in project location
[10-01-24 01:51:02.708377] | v.0.11hotfix03| user:FilipChuwi |> changelog.json is not a valid game state file
[10-01-24 01:51:02.713368] | v.0.11hotfix03| user:FilipChuwi |> found valid game state file: dreszcz_dummy.json
[10-01-24 01:51:02.719373] | v.0.11hotfix03| user:FilipChuwi |> setup.json is not a valid game state file
[10-01-24 01:51:02.725351] | v.0.11hotfix03| user:FilipChuwi |> main.py ENTRY POINT
[10-01-24 01:51:33.530632] | v.0.11hotfix03| user:FilipChuwi |> Playing main: Assets\Audio\music\main\accordeon asd_11_04_2021_NYC_comp.mp3
[10-01-24 01:51:33.549598] | v.0.11hotfix03| user:FilipChuwi |> Looking for game states in project location
[10-01-24 01:51:33.557584] | v.0.11hotfix03| user:FilipChuwi |> changelog.json is not a valid game state file
[10-01-24 01:51:33.563579] | v.0.11hotfix03| user:FilipChuwi |> found valid game state file: dreszcz_dummy.json
[10-01-24 01:51:33.568566] | v.0.11hotfix03| user:FilipChuwi |> setup.json is not a valid game state file
[10-01-24 01:51:33.586541] | v.0.11hotfix03| user:FilipChuwi |> main.py ENTRY POINT
[10-01-24 01:51:58.732935] | v.0.11hotfix03| user:FilipChuwi |> Wybra³eœ: pl
[10-01-24 01:52:06.014607] | v.0.11hotfix03| user:FilipChuwi |> FileNotFoundError Could not find: Assets\Audio\Voice\Adam\pl\audiobook_adam_pl_opened_.mp3
[10-01-24 01:52:06.024596] | v.0.11hotfix03| user:FilipChuwi |> Now playing: Assets\Audio\Voice\Adam\pl\audiobook_adam_pl_opened_.mp3
[10-01-24 01:52:16.441819] | v.0.11hotfix03| user:FilipChuwi |> FileNotFoundError Could not find: Assets\Audio\fx\audiobook_click_snd_.mp3
[10-01-24 01:52:16.451795] | v.0.11hotfix03| user:FilipChuwi |> Now playing: Assets\Audio\fx\audiobook_click_snd_.mp3
[10-01-24 01:52:25.788733] | v.0.11hotfix03| user:FilipChuwi |> main.py ENTRY POINT
[10-01-24 01:52:46.184747] | v.0.11hotfix03| user:FilipChuwi |> Playing main: Assets\Audio\music\main\accordeon asd_11_04_2021_NYC_comp.mp3
[10-01-24 01:52:46.195738] | v.0.11hotfix03| user:FilipChuwi |> Looking for game states in project location
[10-01-24 01:52:46.211708] | v.0.11hotfix03| user:FilipChuwi |> changelog.json is not a valid game state file
[10-01-24 01:52:46.219693] | v.0.11hotfix03| user:FilipChuwi |> found valid game state file: dreszcz_dummy.json
[10-01-24 01:52:46.225687] | v.0.11hotfix03| user:FilipChuwi |> setup.json is not a valid game state file
[10-01-24 01:52:46.233668] | v.0.11hotfix03| user:FilipChuwi |> main.py ENTRY POINT
[10-01-24 01:52:56.229868] | v.0.11hotfix03| user:FilipChuwi |> Now playing: Assets\Audio\Voice\Adam\en\audiobook_adam_en_opened_.mp3
[10-01-24 01:52:58.022795] | v.0.11hotfix03| user:FilipChuwi |> main.py ENTRY POINT
[10-01-24 02:00:15.648481] | v.0.11hotfix03| user:FilipChuwi |> Playing main: Assets\Audio\music\main\music_main_2.mp3
[10-01-24 02:00:15.673441] | v.0.11hotfix03| user:FilipChuwi |> Looking for game states in project location
[10-01-24 02:00:15.687420] | v.0.11hotfix03| user:FilipChuwi |> changelog.json is not a valid game state file
[10-01-24 02:00:15.696405] | v.0.11hotfix03| user:FilipChuwi |> dreszcz_dummy.json is valid game state file
[10-01-24 02:00:15.703399] | v.0.11hotfix03| user:FilipChuwi |> setup.json is not a valid game state file
[10-01-24 02:00:15.711384] | v.0.11hotfix03| user:FilipChuwi |> main.py ENTRY POINT
[10-01-24 02:00:20.636082] | v.0.11hotfix03| user:FilipChuwi |> Wybra³eœ: pl
[10-01-24 02:00:30.635154] | v.0.11hotfix03| user:FilipChuwi |> main.py ENTRY POINT
[10-01-24 02:37:11.635386] | v.0.11hotfix03| user:FilipChuwi |> Playing main: Assets\Audio\music\main\music_main_2.mp3
[10-01-24 02:37:11.670320] | v.0.11hotfix03| user:FilipChuwi |> Looking for game states in project location
[10-01-24 02:37:11.677311] | v.0.11hotfix03| user:FilipChuwi |> changelog.json is not a valid game state file
[10-01-24 02:37:11.684297] | v.0.11hotfix03| user:FilipChuwi |> dreszcz_dobby.json is valid game state file
[10-01-24 02:37:11.690289] | v.0.11hotfix03| user:FilipChuwi |> setup.json is not a valid game state file
[10-01-24 02:37:11.697280] | v.0.11hotfix03| user:FilipChuwi |> main.py ENTRY POINT
[10-01-24 02:37:51.948978] | v.0.11hotfix03| user:FilipChuwi |> Looking for game states in project location
[10-01-24 02:37:51.959973] | v.0.11hotfix03| user:FilipChuwi |> changelog.json is not a valid game state file
[10-01-24 02:37:51.970951] | v.0.11hotfix03| user:FilipChuwi |> dreszcz_dobby.json is valid game state file
[10-01-24 02:37:51.978929] | v.0.11hotfix03| user:FilipChuwi |> setup.json is not a valid game state file
[10-01-24 02:40:18.216402] | v.0.11hotfix03| user:FilipChuwi |> Playing main: Assets\Audio\music\main\accordeon asd_11_04_2021_NYC_comp.mp3
[10-01-24 02:40:18.249343] | v.0.11hotfix03| user:FilipChuwi |> Looking for game states in project location
[10-01-24 02:40:18.257335] | v.0.11hotfix03| user:FilipChuwi |> changelog.json is not a valid game state file
[10-01-24 02:40:18.265318] | v.0.11hotfix03| user:FilipChuwi |> dreszcz_dobby.json is valid game state file
[10-01-24 02:40:18.270310] | v.0.11hotfix03| user:FilipChuwi |> setup.json is not a valid game state file
[10-01-24 02:40:18.281293] | v.0.11hotfix03| user:FilipChuwi |> main.py ENTRY POINT
[10-01-24 02:40:33.792044] | v.0.11hotfix03| user:FilipChuwi |> Playing main: Assets\Audio\music\main\music_main_1.mp3
[10-01-24 02:40:33.814006] | v.0.11hotfix03| user:FilipChuwi |> Looking for game states in project location
[10-01-24 02:40:33.843958] | v.0.11hotfix03| user:FilipChuwi |> changelog.json is not a valid game state file
[10-01-24 02:40:33.861928] | v.0.11hotfix03| user:FilipChuwi |> dreszcz_dobby.json is valid game state file
[10-01-24 02:40:33.871912] | v.0.11hotfix03| user:FilipChuwi |> setup.json is not a valid game state file
[10-01-24 02:40:33.883544] | v.0.11hotfix03| user:FilipChuwi |> main.py ENTRY POINT
[10-01-24 02:40:33.889537] | v.0.11hotfix03| user:FilipChuwi |> given game state file does not exist, resetting to None
[10-01-24 02:42:56.803810] | v.0.11hotfix03| user:FilipChuwi |> Playing main: Assets\Audio\music\main\accordeon asd_11_04_2021.wav_
[10-01-24 02:42:56.825780] | v.0.11hotfix03| user:FilipChuwi |> Looking for game states in project location
[10-01-24 02:42:56.835757] | v.0.11hotfix03| user:FilipChuwi |> changelog.json is not a valid game state file
[10-01-24 02:42:56.848736] | v.0.11hotfix03| user:FilipChuwi |> dreszcz_dobby.json is valid game state file
[10-01-24 02:42:56.856722] | v.0.11hotfix03| user:FilipChuwi |> setup.json is not a valid game state file
[10-01-24 02:42:56.862713] | v.0.11hotfix03| user:FilipChuwi |> main.py ENTRY POINT
[10-01-24 02:42:56.873696] | v.0.11hotfix03| user:FilipChuwi |> given game state file does not exist, resetting to None
[10-01-24 02:43:42.151121] | v.0.11hotfix03| user:FilipChuwi |> Playing main: Assets\Audio\music\main\accordeon asd_11_04_2021.wav_
[10-01-24 02:43:42.164102] | v.0.11hotfix03| user:FilipChuwi |> Looking for game states in project location
[10-01-24 02:43:42.174084] | v.0.11hotfix03| user:FilipChuwi |> changelog.json is not a valid game state file
[10-01-24 02:43:42.182073] | v.0.11hotfix03| user:FilipChuwi |> dreszcz_dummy.json is valid game state file
[10-01-24 02:43:42.188065] | v.0.11hotfix03| user:FilipChuwi |> setup.json is not a valid game state file
[10-01-24 02:43:42.195049] | v.0.11hotfix03| user:FilipChuwi |> main.py ENTRY POINT
[10-01-24 02:43:42.201043] | v.0.11hotfix03| user:FilipChuwi |> given game state file does not exist, resetting to None
[10-01-24 02:43:42.208031] | v.0.11hotfix03| user:FilipChuwi |> given game state file does not exist, resetting to None
[10-01-24 02:45:18.574726] | v.0.11hotfix03| user:FilipChuwi |> Playing main: Assets\Audio\music\main\music_main_4.wav
[10-01-24 02:45:18.600688] | v.0.11hotfix03| user:FilipChuwi |> Looking for game states in project location
[10-01-24 02:45:18.606677] | v.0.11hotfix03| user:FilipChuwi |> changelog.json is not a valid game state file
[10-01-24 02:45:18.612662] | v.0.11hotfix03| user:FilipChuwi |> dreszcz_dummy.json is valid game state file
[10-01-24 02:45:18.618658] | v.0.11hotfix03| user:FilipChuwi |> setup.json is not a valid game state file
[10-01-24 02:45:18.628648] | v.0.11hotfix03| user:FilipChuwi |> main.py ENTRY POINT
[10-01-24 02:45:18.646137] | v.0.11hotfix03| user:FilipChuwi |> given game state file does not exist, resetting to None
[10-01-24 02:45:52.427330] | v.0.11hotfix03| user:FilipChuwi |> Playing main: Assets\Audio\music\main\music_main_4.wav
[10-01-24 02:45:52.438337] | v.0.11hotfix03| user:FilipChuwi |> Looking for game states in project location
[10-01-24 02:45:52.462382] | v.0.11hotfix03| user:FilipChuwi |> changelog.json is not a valid game state file
[10-01-24 02:45:52.470378] | v.0.11hotfix03| user:FilipChuwi |> dreszcz_dummy.json is valid game state file
[10-01-24 02:45:52.478357] | v.0.11hotfix03| user:FilipChuwi |> setup.json is not a valid game state file
[10-01-24 02:45:52.485343] | v.0.11hotfix03| user:FilipChuwi |> main.py ENTRY POINT
[10-01-24 02:45:52.495329] | v.0.11hotfix03| user:FilipChuwi |> given game state file does not exist, resetting to None
[10-01-24 02:52:06.049968] | v.0.11hotfix03| user:FilipChuwi |> Playing main: Assets\Audio\music\main\accordeon asd_11_04_2021.wav_
[10-01-24 02:52:06.077073] | v.0.11hotfix03| user:FilipChuwi |> Looking for game states in project location
[10-01-24 02:52:06.090054] | v.0.11hotfix03| user:FilipChuwi |> changelog.json is not a valid game state file
[10-01-24 02:52:06.096047] | v.0.11hotfix03| user:FilipChuwi |> dreszcz_dummy.json is valid game state file
[10-01-24 02:52:06.103030] | v.0.11hotfix03| user:FilipChuwi |> setup.json is not a valid game state file
[10-01-24 02:52:06.110022] | v.0.11hotfix03| user:FilipChuwi |> main.py ENTRY POINT
[10-01-24 02:52:06.118028] | v.0.11hotfix03| user:FilipChuwi |> given game state file does not exist, resetting to None
[10-01-24 02:52:06.125028] | v.0.11hotfix03| user:FilipChuwi |> given game state file does not exist, resetting to None
[10-01-24 02:52:28.382042] | v.0.11hotfix03| user:FilipChuwi |> Playing main: Assets\Audio\music\main\music_main_3.mp3
[10-01-24 02:52:28.410993] | v.0.11hotfix03| user:FilipChuwi |> Looking for game states in '~\Documents' folder path for saving json file
[10-01-24 02:52:28.420977] | v.0.11hotfix03| user:FilipChuwi |> main.py ENTRY POINT
[10-01-24 02:52:28.429966] | v.0.11hotfix03| user:FilipChuwi |> given game state file does not exist, resetting to None
[10-01-24 02:52:36.803114] | v.0.11hotfix03| user:FilipChuwi |> Now playing: Assets\Audio\Voice\Adam\en\audiobook_adam_en_00a_.mp3
[10-01-24 02:52:53.034171] | v.0.11hotfix03| user:FilipChuwi |> FileNotFoundError Could not find: Assets\Audio\Voice\Adam\en\audiobook_adam_en_elxr_chc_2.mp3
[10-01-24 02:52:53.052143] | v.0.11hotfix03| user:FilipChuwi |> Now playing: Assets\Audio\Voice\Adam\en\audiobook_adam_en_elxr_chc_2.mp3
[10-01-24 02:52:53.060133] | v.0.11hotfix03| user:FilipChuwi |> FileNotFoundError Could not find: Assets\Audio\Voice\Adam\en\audiobook_adam_en_elxr_chc_5.mp3
[10-01-24 02:52:53.072114] | v.0.11hotfix03| user:FilipChuwi |> Now playing: Assets\Audio\Voice\Adam\en\audiobook_adam_en_elxr_chc_5.mp3
[10-01-24 02:52:56.312156] | v.0.11hotfix03| user:FilipChuwi |> FileNotFoundError Could not find: Assets\Audio\Voice\Adam\en\audiobook_adam_en_elxr_chc_2.mp3
[10-01-24 02:52:56.325133] | v.0.11hotfix03| user:FilipChuwi |> Now playing: Assets\Audio\Voice\Adam\en\audiobook_adam_en_elxr_chc_2.mp3
[10-01-24 02:52:58.599918] | v.0.11hotfix03| user:FilipChuwi |> Looking for game states in '~\Documents' folder path for saving json file
[10-01-24 02:52:58.616892] | v.0.11hotfix03| user:FilipChuwi |> Game saved to: C:\Users\FilipChuwi\Documents\Jacek Ciesielski - Dreszcz\saves\dreszcz_24-01-10_58.json
[10-01-24 02:52:58.632873] | v.0.11hotfix03| user:FilipChuwi |> setup.json has been updated
[10-01-24 02:52:58.778632] | v.0.11hotfix03| user:FilipChuwi |> Now playing: Assets\Audio\Voice\Adam\en\audiobook_adam_en_00b_.mp3
[10-01-24 02:53:18.821709] | v.0.11hotfix03| user:FilipChuwi |> list of available actions: ['01']
[10-01-24 02:53:18.829694] | v.0.11hotfix03| user:FilipChuwi |> Looking for game states in '~\Documents' folder path for saving json file
[10-01-24 02:53:18.836685] | v.0.11hotfix03| user:FilipChuwi |> dreszcz_24-01-10_58.json is valid game state file
[10-01-24 02:53:18.846671] | v.0.11hotfix03| user:FilipChuwi |> Game saved to: C:\Users\FilipChuwi\Documents\Jacek Ciesielski - Dreszcz\saves\dreszcz_24-01-10_58.json
[10-01-24 02:53:18.857651] | v.0.11hotfix03| user:FilipChuwi |> setup.json has been updated
[10-01-24 02:53:18.863643] | v.0.11hotfix03| user:FilipChuwi |> evaluated: 01
[10-01-24 02:53:18.973469] | v.0.11hotfix03| user:FilipChuwi |> Now playing: Assets\Audio\Voice\Adam\en\audiobook_adam_en_01_.mp3
[10-01-24 02:53:45.013194] | v.0.11hotfix03| user:FilipChuwi |> Playing main: Assets\Audio\music\main\music_main_2.mp3
[10-01-24 02:53:45.031167] | v.0.11hotfix03| user:FilipChuwi |> Looking for game states in '~\Documents' folder path for saving json file
[10-01-24 02:53:45.040150] | v.0.11hotfix03| user:FilipChuwi |> dreszcz_24-01-10_58.json is valid game state file
[10-01-24 02:53:45.045138] | v.0.11hotfix03| user:FilipChuwi |> main.py ENTRY POINT
[10-01-24 02:53:45.052132] | v.0.11hotfix03| user:FilipChuwi |> given game state file does not exist, resetting to None
[10-01-24 02:56:48.099250] | v.0.11hotfix03| user:FilipChuwi |> Playing main: Assets\Audio\music\main\music_main_1.mp3
[10-01-24 02:56:48.124205] | v.0.11hotfix03| user:FilipChuwi |> Looking for game states in '~\Documents' folder path for saving json file
[10-01-24 02:56:48.132196] | v.0.11hotfix03| user:FilipChuwi |> dreszcz_24-01-10_58.json is valid game state file
[10-01-24 02:56:48.137186] | v.0.11hotfix03| user:FilipChuwi |> main.py ENTRY POINT
[10-01-24 02:57:06.110825] | v.0.11hotfix03| user:FilipChuwi |> FileNotFoundError Could not find: Assets\Audio\Voice\Adam\en\audiobook_adam_en_opened_.mp3
[10-01-24 02:57:06.127796] | v.0.11hotfix03| user:FilipChuwi |> Now playing: Assets\Audio\Voice\Adam\en\audiobook_adam_en_opened_.mp3
[10-01-24 02:57:20.528108] | v.0.11hotfix03| user:FilipChuwi |> setup.json has been updated
[10-01-24 02:57:20.535095] | v.0.11hotfix03| user:FilipChuwi |> main.py ENTRY POINT
[10-01-24 02:57:33.026863] | v.0.11hotfix03| user:FilipChuwi |> FileNotFoundError Could not find: Assets\Audio\fx\audiobook_click_snd_.mp3
[10-01-24 02:57:33.039851] | v.0.11hotfix03| user:FilipChuwi |> Now playing: Assets\Audio\fx\audiobook_click_snd_.mp3
[10-01-24 02:57:40.158935] | v.0.11hotfix03| user:FilipChuwi |> main.py ENTRY POINT
[10-01-24 02:58:29.842096] | v.0.11hotfix03| user:FilipChuwi |> Playing main: Assets\Audio\music\main\music_main_2.mp3
[10-01-24 02:58:29.860189] | v.0.11hotfix03| user:FilipChuwi |> Looking for game states in '~\Documents' folder path for saving json file
[10-01-24 02:58:29.867177] | v.0.11hotfix03| user:FilipChuwi |> dreszcz_24-01-10_58.json is valid game state file
[10-01-24 02:58:29.881156] | v.0.11hotfix03| user:FilipChuwi |> setup.json has been updated
[10-01-24 02:58:29.888148] | v.0.11hotfix03| user:FilipChuwi |> main.py ENTRY POINT
[10-01-24 02:59:03.055672] | v.0.11hotfix03| user:FilipChuwi |> Playing main: Assets\Audio\music\main\music_main_3.mp3
[10-01-24 02:59:03.072644] | v.0.11hotfix03| user:FilipChuwi |> Looking for game states in '~\Documents' folder path for saving json file
[10-01-24 02:59:03.085625] | v.0.11hotfix03| user:FilipChuwi |> dreszcz_24-01-10_58.json is valid game state file
[10-01-24 02:59:03.091613] | v.0.11hotfix03| user:FilipChuwi |> main.py ENTRY POINT
[10-01-24 02:59:09.386042] | v.0.11hotfix03| user:FilipChuwi |> restored backup setup
[10-01-24 02:59:09.401008] | v.0.11hotfix03| user:FilipChuwi |> setup.json has been updated
[10-01-24 03:00:20.433374] | v.0.11hotfix03| user:FilipChuwi |> Playing main: Assets\Audio\music\main\accordeon asd_11_04_2021.wav_
[10-01-24 03:00:20.453346] | v.0.11hotfix03| user:FilipChuwi |> Looking for game states in project location
[10-01-24 03:00:20.461331] | v.0.11hotfix03| user:FilipChuwi |> changelog.json is not a valid game state file
[10-01-24 03:00:20.466320] | v.0.11hotfix03| user:FilipChuwi |> dreszcz_dummy.json is valid game state file
[10-01-24 03:00:20.473310] | v.0.11hotfix03| user:FilipChuwi |> setup.json is not a valid game state file
[10-01-24 03:00:20.479299] | v.0.11hotfix03| user:FilipChuwi |> main.py ENTRY POINT
[10-01-24 03:00:33.976165] | v.0.11hotfix03| user:FilipChuwi |> Now playing: Assets\Audio\Voice\Adam\en\audiobook_adam_en_opened_.mp3
[10-01-24 03:00:37.127190] | v.0.11hotfix03| user:FilipChuwi |> main.py ENTRY POINT
[10-01-24 03:00:54.756900] | v.0.11hotfix03| user:FilipChuwi |> Playing main: Assets\Audio\music\main\music_main_2.mp3
[10-01-24 03:00:54.774866] | v.0.11hotfix03| user:FilipChuwi |> Looking for game states in project location
[10-01-24 03:00:54.781859] | v.0.11hotfix03| user:FilipChuwi |> changelog.json is not a valid game state file
[10-01-24 03:00:54.785849] | v.0.11hotfix03| user:FilipChuwi |> dreszcz_dummy.json is valid game state file
[10-01-24 03:00:54.791839] | v.0.11hotfix03| user:FilipChuwi |> setup.json is not a valid game state file
[10-01-24 03:00:54.797837] | v.0.11hotfix03| user:FilipChuwi |> main.py ENTRY POINT
[10-01-24 03:00:59.906728] | v.0.11hotfix03| user:FilipChuwi |> Now playing: Assets\Audio\Voice\Adam\en\audiobook_adam_en_opened_.mp3
[10-01-24 03:01:01.629636] | v.0.11hotfix03| user:FilipChuwi |> main.py ENTRY POINT
